<?xml version="1.0" encoding="UTF-8"?>
<!-- Generated by org.testng.reporters.JUnitReportReporter -->
<testsuite skipped="0" hostname="Kolabss-MacBook-Pro-2.local" name="Buoi12.AlwaysRun" tests="4" failures="0" timestamp="08 Jun 2019 03:49:37 GMT" time="20.088" errors="0">
  <testcase name="Testcase4" time="5.022" classname="Buoi12.AlwaysRun"/>
  <testcase name="Testcase2" time="5.022" classname="Buoi12.AlwaysRun"/>
  <testcase name="Testcase1" time="5.022" classname="Buoi12.AlwaysRun"/>
  <testcase name="Testcase3" time="5.022" classname="Buoi12.AlwaysRun"/>
</testsuite> <!-- Buoi12.AlwaysRun -->
