<?xml version="1.0" encoding="UTF-8"?>
<!-- Generated by org.testng.reporters.JUnitReportReporter -->
<testsuite skipped="0" hostname="Kolabss-MacBook-Pro-2.local" name="Buoi12.TestCases" tests="1" failures="0" timestamp="08 Jun 2019 03:29:45 GMT" time="0.002" errors="0">
  <testcase name="testcase" time="0.002" classname="Buoi12.TestCases"/>
</testsuite> <!-- Buoi12.TestCases -->
