<?xml version="1.0" encoding="UTF-8"?>
<!-- Generated by org.testng.reporters.JUnitReportReporter -->
<testsuite skipped="0" hostname="Kolabss-MacBook-Pro-2.local" name="Buoi14.Parallel" tests="2" failures="0" timestamp="15 Jun 2019 04:00:34 GMT" time="0.015" errors="0">
  <testcase name="testMethodsTwo" time="0.013" classname="Buoi14.Parallel"/>
  <testcase name="testMethodsOne" time="0.002" classname="Buoi14.Parallel"/>
</testsuite> <!-- Buoi14.Parallel -->
