<?xml version="1.0" encoding="UTF-8"?>
<!-- Generated by org.testng.reporters.JUnitReportReporter -->
<testsuite skipped="0" hostname="Kolabss-MacBook-Pro-2.local" name="Buoi14.Welcome" tests="1" failures="0" timestamp="15 Jun 2019 02:50:02 GMT" time="0.014" errors="0">
  <testcase name="login" time="0.014" classname="Buoi14.Welcome"/>
</testsuite> <!-- Buoi14.Welcome -->
