<?xml version="1.0" encoding="UTF-8"?>
<!-- Generated by org.testng.reporters.JUnitReportReporter -->
<testsuite skipped="0" hostname="Kolabss-MacBook-Pro-2.local" name="Buoi14.GroupAnnotation" tests="1" failures="0" timestamp="15 Jun 2019 02:36:53 GMT" time="0.006" errors="0">
  <testcase name="testcase2" time="0.006" classname="Buoi14.GroupAnnotation"/>
</testsuite> <!-- Buoi14.GroupAnnotation -->
