<?xml version="1.0" encoding="UTF-8"?>
<!-- Generated by org.testng.reporters.JUnitReportReporter -->
<testsuite skipped="0" hostname="Kolabss-MacBook-Pro-2.local" name="Buoi12.DemoScripts" tests="3" failures="0" timestamp="08 Jun 2019 03:26:45 GMT" time="0.018" errors="0">
  <testcase name="testCaseA2" time="0.003" classname="Buoi12.DemoScripts"/>
  <testcase name="testCaseB" time="0.013" classname="Buoi12.DemoScripts"/>
  <testcase name="testCaseA1" time="0.002" classname="Buoi12.DemoScripts"/>
</testsuite> <!-- Buoi12.DemoScripts -->
