<?xml version="1.0" encoding="UTF-8"?>
<!-- Generated by org.testng.reporters.JUnitReportReporter -->
<testsuite skipped="0" hostname="Kolabss-MacBook-Pro-2.local" name="Buoi12.NewDemo" tests="10" failures="0" timestamp="11 Jun 2019 03:00:33 GMT" time="0.048" errors="0">
  <testcase name="test" time="0.008" classname="Buoi12.NewDemo"/>
  <testcase name="test" time="0.009" classname="Buoi12.NewDemo"/>
  <testcase name="test" time="0.001" classname="Buoi12.NewDemo"/>
  <testcase name="test" time="0.001" classname="Buoi12.NewDemo"/>
  <testcase name="test" time="0.001" classname="Buoi12.NewDemo"/>
  <testcase name="test" time="0.001" classname="Buoi12.NewDemo"/>
  <testcase name="test" time="0.009" classname="Buoi12.NewDemo"/>
  <testcase name="test" time="0.009" classname="Buoi12.NewDemo"/>
  <testcase name="test" time="0.000" classname="Buoi12.NewDemo"/>
  <testcase name="test" time="0.009" classname="Buoi12.NewDemo"/>
</testsuite> <!-- Buoi12.NewDemo -->
