<?xml version="1.0" encoding="UTF-8"?>
<!-- Generated by org.testng.reporters.JUnitReportReporter -->
<testsuite skipped="0" hostname="Kolabss-MacBook-Pro-2.local" name="Fahasha.FahashaScripts" tests="4" failures="0" timestamp="08 Jun 2019 04:43:00 GMT" time="57.844" errors="0">
  <testcase name="checkChinhSach" time="15.391" classname="Fahasha.FahashaScripts"/>
  <testcase name="checkGioiThieu" time="12.863" classname="Fahasha.FahashaScripts"/>
  <testcase name="checkHeThong" time="12.027" classname="Fahasha.FahashaScripts"/>
  <testcase name="checkDieuKhoan" time="17.563" classname="Fahasha.FahashaScripts"/>
</testsuite> <!-- AllStuff.Fahasha.FahashaScripts -->
